[debug] [2019-07-29T06:30:35.708Z] ----------------------------------------------------------------------
[debug] [2019-07-29T06:30:35.711Z] Command:       /usr/local/bin/node /usr/local/bin/firebase init
[debug] [2019-07-29T06:30:35.711Z] CLI Version:   7.0.2
[debug] [2019-07-29T06:30:35.711Z] Platform:      darwin
[debug] [2019-07-29T06:30:35.711Z] Node Version:  v10.16.0
[debug] [2019-07-29T06:30:35.711Z] Time:          Mon Jul 29 2019 14:30:35 GMT+0800 (Singapore Standard Time)
[debug] [2019-07-29T06:30:35.712Z] ----------------------------------------------------------------------
[debug] 
[debug] [2019-07-29T06:30:35.723Z] > command requires scopes: ["email","openid","https://www.googleapis.com/auth/cloudplatformprojects.readonly","https://www.googleapis.com/auth/firebase","https://www.googleapis.com/auth/cloud-platform"]
[debug] [2019-07-29T06:30:35.724Z] > authorizing via signed-in user
[info] 
     ######## #### ########  ######## ########     ###     ######  ########
     ##        ##  ##     ## ##       ##     ##  ##   ##  ##       ##
     ######    ##  ########  ######   ########  #########  ######  ######
     ##        ##  ##    ##  ##       ##     ## ##     ##       ## ##
     ##       #### ##     ## ######## ########  ##     ##  ######  ########

You're about to initialize a Firebase project in this directory:

  /Users/weikiat

Before we get started, keep in mind:

  * You are initializing in an existing Firebase project directory

[debug] [2019-07-29T06:51:01.249Z] TypeError: Cannot read property 'setRawMode' of null
    at ReadStream.setRawMode (tty.js:69:28)
    at Interface._setRawMode (readline.js:269:16)
    at Interface.close (readline.js:394:10)
    at ReadStream.ontermend (readline.js:180:10)
    at ReadStream.emit (events.js:203:15)
    at ReadStream.EventEmitter.emit (domain.js:448:20)
    at endReadableNT (_stream_readable.js:1129:12)
    at process._tickCallback (internal/process/next_tick.js:63:19)
